<?xml version="1.0" encoding="UTF-8"?>
<testsuite xmlns:xsi="http://www.w3.org/2001/XMLSchema-instance" xsi:noNamespaceSchemaLocation="https://maven.apache.org/surefire/maven-surefire-plugin/xsd/surefire-test-report.xsd" version="3.0.2" name="com.qima.qima.QimaApplicationTests" time="1.956" tests="1" errors="0" skipped="0" failures="0">
  <properties>
[...]
</properties>
  <testcase name="contextLoads" classname="com.qima.qima.QimaApplicationTests" time="0.246">
    <system-out><![CDATA[22:49:57.544 [main] INFO org.springframework.test.context.support.AnnotationConfigContextLoaderUtils -- Could not detect default configuration classes for test class [com.qima.qima.QimaApplicationTests]: QimaApplicationTests does not declare any static, non-private, non-final, nested classes annotated with @Configuration.
22:49:57.581 [main] INFO org.springframework.boot.test.context.SpringBootTestContextBootstrapper -- Found @SpringBootConfiguration com.qima.qima.QimaApplication for test class com.qima.qima.QimaApplicationTests

  .   ____          _            __ _ _
 /\\ / ___'_ __ _ _(_)_ __  __ _ \ \ \ \
( ( )\___ | '_ | '_| | '_ \/ _` | \ \ \ \
 \\/  ___)| |_)| | | | | || (_| |  ) ) ) )
  '  |____| .__|_| |_|_| |_\__, | / / / /
 =========|_|==============|___/=/_/_/_/

 :: Spring Boot ::                (v3.4.4)

2025-04-07T22:49:57.733-03:00  INFO 85948 --- [           main] com.qima.qima.QimaApplicationTests       : Starting QimaApplicationTests using Java 17.0.10 with PID 85948 (started by pedro in /Users/pedro/Documents/qima)
2025-04-07T22:49:57.734-03:00  INFO 85948 --- [           main] com.qima.qima.QimaApplicationTests       : No active profile set, falling back to 1 default profile: "default"
2025-04-07T22:49:57.948-03:00  INFO 85948 --- [           main] .s.d.r.c.RepositoryConfigurationDelegate : Bootstrapping Spring Data JPA repositories in DEFAULT mode.
2025-04-07T22:49:57.964-03:00  INFO 85948 --- [           main] .s.d.r.c.RepositoryConfigurationDelegate : Finished Spring Data repository scanning in 13 ms. Found 2 JPA repository interfaces.
2025-04-07T22:49:58.162-03:00  INFO 85948 --- [           main] com.zaxxer.hikari.HikariDataSource       : HikariPool-1 - Starting...
2025-04-07T22:49:58.244-03:00  INFO 85948 --- [           main] com.zaxxer.hikari.pool.HikariPool        : HikariPool-1 - Added connection org.postgresql.jdbc.PgConnection@2cc75b25
2025-04-07T22:49:58.245-03:00  INFO 85948 --- [           main] com.zaxxer.hikari.HikariDataSource       : HikariPool-1 - Start completed.
2025-04-07T22:49:58.256-03:00  INFO 85948 --- [           main] org.flywaydb.core.FlywayExecutor         : Database: jdbc:postgresql://localhost:5432/product_db (PostgreSQL 14.17)
2025-04-07T22:49:58.287-03:00  INFO 85948 --- [           main] o.f.core.internal.command.DbValidate     : Successfully validated 6 migrations (execution time 00:00.017s)
2025-04-07T22:49:58.288-03:00  WARN 85948 --- [           main] org.flywaydb.core.Flyway                 : cleanOnValidationError is deprecated and will be removed in a later release
2025-04-07T22:49:58.316-03:00  INFO 85948 --- [           main] o.f.core.internal.command.DbMigrate      : Current version of schema "product_db": 4.1
2025-04-07T22:49:58.318-03:00  INFO 85948 --- [           main] o.f.core.internal.command.DbMigrate      : Schema "product_db" is up to date. No migration necessary.
2025-04-07T22:49:58.346-03:00  INFO 85948 --- [           main] o.hibernate.jpa.internal.util.LogHelper  : HHH000204: Processing PersistenceUnitInfo [name: default]
2025-04-07T22:49:58.360-03:00  INFO 85948 --- [           main] org.hibernate.Version                    : HHH000412: Hibernate ORM core version 6.6.11.Final
2025-04-07T22:49:58.370-03:00  INFO 85948 --- [           main] o.h.c.internal.RegionFactoryInitiator    : HHH000026: Second-level cache disabled
2025-04-07T22:49:58.465-03:00  INFO 85948 --- [           main] o.s.o.j.p.SpringPersistenceUnitInfo      : No LoadTimeWeaver setup: ignoring JPA class transformer
2025-04-07T22:49:58.499-03:00  INFO 85948 --- [           main] org.hibernate.orm.connections.pooling    : HHH10001005: Database info:
	Database JDBC URL [Connecting through datasource 'HikariDataSource (HikariPool-1)']
	Database driver: undefined/unknown
	Database version: 14.17
	Autocommit mode: undefined/unknown
	Isolation level: undefined/unknown
	Minimum pool size: undefined/unknown
	Maximum pool size: undefined/unknown
2025-04-07T22:49:58.788-03:00  INFO 85948 --- [           main] o.h.e.t.j.p.i.JtaPlatformInitiator       : HHH000489: No JTA platform available (set 'hibernate.transaction.jta.platform' to enable JTA platform integration)
2025-04-07T22:49:58.789-03:00  INFO 85948 --- [           main] j.LocalContainerEntityManagerFactoryBean : Initialized JPA EntityManagerFactory for persistence unit 'default'
2025-04-07T22:49:58.867-03:00  INFO 85948 --- [           main] o.s.d.j.r.query.QueryEnhancerFactory     : Hibernate is in classpath; If applicable, HQL parser will be used.
2025-04-07T22:49:58.894-03:00  WARN 85948 --- [           main] JpaBaseConfiguration$JpaWebConfiguration : spring.jpa.open-in-view is enabled by default. Therefore, database queries may be performed during view rendering. Explicitly configure spring.jpa.open-in-view to disable this warning
2025-04-07T22:49:59.196-03:00  INFO 85948 --- [           main] com.qima.qima.QimaApplicationTests       : Started QimaApplicationTests in 1.569 seconds (process running for 1.914)
]]></system-out>
  </testcase>
</testsuite>